Determining if the pthread_create exist failed with the following output:
Change Dir: /home/dell/catkin_ws_cb/build/catkin_tools_prebuild/CMakeFiles/CMakeTmp

Run Build Command:"/usr/bin/make" "cmTC_3bfde/fast"
/usr/bin/make -f CMakeFiles/cmTC_3bfde.dir/build.make CMakeFiles/cmTC_3bfde.dir/build
make[1]: Entering directory '/home/dell/catkin_ws_cb/build/catkin_tools_prebuild/CMakeFiles/CMakeTmp'
Building C object CMakeFiles/cmTC_3bfde.dir/CheckSymbolExists.c.o
/usr/bin/cc    -o CMakeFiles/cmTC_3bfde.dir/CheckSymbolExists.c.o   -c /home/dell/catkin_ws_cb/build/catkin_tools_prebuild/CMakeFiles/CMakeTmp/CheckSymbolExists.c
Linking C executable cmTC_3bfde
/usr/bin/cmake -E cmake_link_script CMakeFiles/cmTC_3bfde.dir/link.txt --verbose=1
/usr/bin/cc      -rdynamic CMakeFiles/cmTC_3bfde.dir/CheckSymbolExists.c.o  -o cmTC_3bfde 
CMakeFiles/cmTC_3bfde.dir/CheckSymbolExists.c.o: In function `main':
CheckSymbolExists.c:(.text+0x1b): undefined reference to `pthread_create'
collect2: error: ld returned 1 exit status
CMakeFiles/cmTC_3bfde.dir/build.make:97: recipe for target 'cmTC_3bfde' failed
make[1]: *** [cmTC_3bfde] Error 1
make[1]: Leaving directory '/home/dell/catkin_ws_cb/build/catkin_tools_prebuild/CMakeFiles/CMakeTmp'
Makefile:126: recipe for target 'cmTC_3bfde/fast' failed
make: *** [cmTC_3bfde/fast] Error 2

File /home/dell/catkin_ws_cb/build/catkin_tools_prebuild/CMakeFiles/CMakeTmp/CheckSymbolExists.c:
/* */
#include <pthread.h>

int main(int argc, char** argv)
{
  (void)argv;
#ifndef pthread_create
  return ((int*)(&pthread_create))[argc];
#else
  (void)argc;
  return 0;
#endif
}

Determining if the function pthread_create exists in the pthreads failed with the following output:
Change Dir: /home/dell/catkin_ws_cb/build/catkin_tools_prebuild/CMakeFiles/CMakeTmp

Run Build Command:"/usr/bin/make" "cmTC_931a3/fast"
/usr/bin/make -f CMakeFiles/cmTC_931a3.dir/build.make CMakeFiles/cmTC_931a3.dir/build
make[1]: Entering directory '/home/dell/catkin_ws_cb/build/catkin_tools_prebuild/CMakeFiles/CMakeTmp'
Building C object CMakeFiles/cmTC_931a3.dir/CheckFunctionExists.c.o
/usr/bin/cc   -DCHECK_FUNCTION_EXISTS=pthread_create   -o CMakeFiles/cmTC_931a3.dir/CheckFunctionExists.c.o   -c /usr/share/cmake-3.10/Modules/CheckFunctionExists.c
Linking C executable cmTC_931a3
/usr/bin/cmake -E cmake_link_script CMakeFiles/cmTC_931a3.dir/link.txt --verbose=1
/usr/bin/cc  -DCHECK_FUNCTION_EXISTS=pthread_create    -rdynamic CMakeFiles/cmTC_931a3.dir/CheckFunctionExists.c.o  -o cmTC_931a3 -lpthreads 
/usr/bin/ld: cannot find -lpthreads
collect2: error: ld returned 1 exit status
CMakeFiles/cmTC_931a3.dir/build.make:97: recipe for target 'cmTC_931a3' failed
make[1]: *** [cmTC_931a3] Error 1
make[1]: Leaving directory '/home/dell/catkin_ws_cb/build/catkin_tools_prebuild/CMakeFiles/CMakeTmp'
Makefile:126: recipe for target 'cmTC_931a3/fast' failed
make: *** [cmTC_931a3/fast] Error 2


